[debug] [2019-11-08T20:40:04.705Z] ----------------------------------------------------------------------
[debug] [2019-11-08T20:40:04.710Z] Command:       C:\Program Files\nodejs\node.exe C:\Users\ProBook\AppData\Roaming\npm\node_modules\firebase-tools\lib\bin\firebase.js init hosting
[debug] [2019-11-08T20:40:04.711Z] CLI Version:   7.7.0
[debug] [2019-11-08T20:40:04.711Z] Platform:      win32
[debug] [2019-11-08T20:40:04.711Z] Node Version:  v10.16.0
[debug] [2019-11-08T20:40:04.712Z] Time:          Fri Nov 08 2019 15:40:04 GMT-0500 (GMT-05:00)
[debug] [2019-11-08T20:40:04.713Z] ----------------------------------------------------------------------
[debug] [2019-11-08T20:40:04.713Z] 
[debug] [2019-11-08T20:40:04.729Z] > command requires scopes: ["email","openid","https://www.googleapis.com/auth/cloudplatformprojects.readonly","https://www.googleapis.com/auth/firebase","https://www.googleapis.com/auth/cloud-platform"]
[debug] [2019-11-08T20:40:04.731Z] > authorizing via signed-in user
[info] 
     ######## #### ########  ######## ########     ###     ######  ########
     ##        ##  ##     ## ##       ##     ##  ##   ##  ##       ##
     ######    ##  ########  ######   ########  #########  ######  ######
     ##        ##  ##    ##  ##       ##     ## ##     ##       ## ##
     ##       #### ##     ## ######## ########  ##     ##  ######  ########

You're about to initialize a Firebase project in this directory:

  C:\Users\ProBook\Documents\Domiyi-Backend

[info] 
=== Project Setup
[info] 
[info] First, let's associate this project directory with a Firebase project.
[info] You can create multiple project aliases by running firebase use --add, 
[info] but for now we'll just set up a default project.
[info] 
[debug] [2019-11-08T20:40:12.700Z] >>> HTTP REQUEST GET https://firebase.googleapis.com/v1beta1/projects?pageSize=100  
 
[debug] [2019-11-08T20:40:13.383Z] <<< HTTP RESPONSE 200
[info] i  Using project domiyi-backend (Domiyi-Backend)
[info] 
=== Hosting Setup
[info] 
[info] Your public directory is the folder (relative to your project directory) that
[info] will contain Hosting assets to be uploaded with firebase deploy. If you
[info] have a build process for your assets, use your build's output directory.
[info] 
[debug] [2019-11-08T23:48:32.717Z] Error: kill ENOSYS
    at process.kill (internal/process/per_thread.js:198:13)
    at process.listener (C:\Users\ProBook\AppData\Roaming\npm\node_modules\firebase-tools\node_modules\signal-exit\index.js:95:15)
    at process.emit (events.js:198:13)
[error] 
[error] Error: An unexpected error has occurred.
